<?xml version="1.0" encoding="UTF-8"?>
<!-- Generated by org.testng.reporters.JUnitXMLReporter -->
<testsuite hostname="Halimes-MacBook-Air.local" ignored="0" name="Verizon Functional Sanity Test" tests="8" failures="0" timestamp="2020-07-22T06:11:15 EDT" time="66.575" errors="0">
  <testcase name="@BeforeTest setUp" time="66.461" classname="com.qa.verizon.tests.CartPageTest">
    <failure type="org.openqa.selenium.TimeoutException" message="Expected condition failed: waiting for presence of element located by: By.xpath: //button[contains(text(),&amp;apos;Phones list&amp;apos;)] (tried for 60 second(s) with 500 milliseconds interval)">
      <![CDATA[org.openqa.selenium.TimeoutException: Expected condition failed: waiting for presence of element located by: By.xpath: //button[contains(text(),'Phones list')] (tried for 60 second(s) with 500 milliseconds interval)
at org.openqa.selenium.support.ui.WebDriverWait.timeoutException(WebDriverWait.java:95)
at org.openqa.selenium.support.ui.FluentWait.until(FluentWait.java:272)
at com.qa.verizon.utilities.ElementUtil.waitForElementPresent(ElementUtil.java:48)
at com.qa.verizon.pages.VerizonMainPage.clickSmarthPhone(VerizonMainPage.java:31)
at com.qa.verizon.tests.CartPageTest.setUp(CartPageTest.java:36)
Caused by: org.openqa.selenium.NoSuchElementException: no such element: Unable to locate element: {"method":"xpath","selector":"//button[contains(text(),'Phones list')]"}
  (Session info: chrome=84.0.4147.89)
For documentation on this error, please visit: https://www.seleniumhq.org/exceptions/no_such_element.html
Build info: version: '3.141.59', revision: 'e82be7d358', time: '2018-11-14T08:17:03'
System info: host: 'Halimes-MacBook-Air.local', ip: '2600:8805:e001:8f00:3d23:e999:c57:cfec%en0', os.name: 'Mac OS X', os.arch: 'x86_64', os.version: '10.15.5', java.version: '1.8.0_241'
Driver info: org.openqa.selenium.chrome.ChromeDriver
Capabilities {acceptInsecureCerts: false, browserName: chrome, browserVersion: 84.0.4147.89, chrome: {chromedriverVersion: 84.0.4147.30 (48b3e868b4cc0..., userDataDir: /var/folders/sp/1dx873y144q...}, goog:chromeOptions: {debuggerAddress: localhost:57216}, javascriptEnabled: true, networkConnectionEnabled: false, pageLoadStrategy: normal, platform: MAC, platformName: MAC, proxy: Proxy(), setWindowRect: true, strictFileInteractability: false, timeouts: {implicit: 0, pageLoad: 300000, script: 30000}, unhandledPromptBehavior: dismiss and notify, webauthn:virtualAuthenticators: true}
Session ID: 118818a86f25aee5a6244804d558a64f
*** Element info: {Using=xpath, value=//button[contains(text(),'Phones list')]}
at org.openqa.selenium.remote.http.W3CHttpResponseCodec.createException(W3CHttpResponseCodec.java:187)
at org.openqa.selenium.remote.http.W3CHttpResponseCodec.decode(W3CHttpResponseCodec.java:122)
at org.openqa.selenium.remote.http.W3CHttpResponseCodec.decode(W3CHttpResponseCodec.java:49)
at org.openqa.selenium.remote.HttpCommandExecutor.execute(HttpCommandExecutor.java:158)
at org.openqa.selenium.remote.service.DriverCommandExecutor.execute(DriverCommandExecutor.java:83)
at org.openqa.selenium.remote.RemoteWebDriver.execute(RemoteWebDriver.java:552)
at org.openqa.selenium.remote.RemoteWebDriver.findElement(RemoteWebDriver.java:323)
at org.openqa.selenium.remote.RemoteWebDriver.findElementByXPath(RemoteWebDriver.java:428)
at org.openqa.selenium.By$ByXPath.findElement(By.java:353)
at org.openqa.selenium.remote.RemoteWebDriver.findElement(RemoteWebDriver.java:315)
at org.openqa.selenium.support.ui.ExpectedConditions$6.apply(ExpectedConditions.java:182)
at org.openqa.selenium.support.ui.ExpectedConditions$6.apply(ExpectedConditions.java:179)
at org.openqa.selenium.support.ui.FluentWait.until(FluentWait.java:249)
... 27 more
... Removed 28 stack frames]]>
    </failure>
  </testcase> <!-- @BeforeTest setUp -->
  <testcase name="@BeforeTest setUp" time="-1.595412674997E9" classname="com.qa.verizon.tests.FeaturesPageTest">
    <skipped/>
  </testcase> <!-- @BeforeTest setUp -->
  <testcase name="@BeforeTest setUp" time="-1.595412675001E9" classname="com.qa.verizon.tests.SmartPhonePageTest">
    <skipped/>
  </testcase> <!-- @BeforeTest setUp -->
  <testcase name="@BeforeTest setUp" time="-1.595412675003E9" classname="com.qa.verizon.tests.VerizonMainPageTest">
    <skipped/>
  </testcase> <!-- @BeforeTest setUp -->
  <testcase name="@AfterTest tearDown" time="-1.595412675085E9" classname="com.qa.verizon.tests.CartPageTest">
    <skipped/>
  </testcase> <!-- @AfterTest tearDown -->
  <testcase name="@AfterTest tearDown" time="-1.595412675086E9" classname="com.qa.verizon.tests.FeaturesPageTest">
    <skipped/>
  </testcase> <!-- @AfterTest tearDown -->
  <testcase name="@AfterTest tearDown" time="-1.595412675087E9" classname="com.qa.verizon.tests.SmartPhonePageTest">
    <skipped/>
  </testcase> <!-- @AfterTest tearDown -->
  <testcase name="@AfterTest tearDown" time="-1.595412675089E9" classname="com.qa.verizon.tests.VerizonMainPageTest">
    <skipped/>
  </testcase> <!-- @AfterTest tearDown -->
  <testcase name="verifyVerizonHomePageTitleTest" time="0.0" classname="com.qa.verizon.tests.VerizonMainPageTest">
    <skipped/>
  </testcase> <!-- verifyVerizonHomePageTitleTest -->
  <testcase name="clickSmartPhoneTest" time="0.0" classname="com.qa.verizon.tests.VerizonMainPageTest">
    <skipped/>
  </testcase> <!-- clickSmartPhoneTest -->
  <testcase name="verifySmartPhonePageTitle" time="0.0" classname="com.qa.verizon.tests.SmartPhonePageTest">
    <skipped/>
  </testcase> <!-- verifySmartPhonePageTitle -->
  <testcase name="SelectSmartPhone" time="0.0" classname="com.qa.verizon.tests.SmartPhonePageTest">
    <skipped/>
  </testcase> <!-- SelectSmartPhone -->
  <testcase name="verifyFeaturesPageTitle" time="0.0" classname="com.qa.verizon.tests.FeaturesPageTest">
    <skipped/>
  </testcase> <!-- verifyFeaturesPageTitle -->
  <testcase name="selectPhoneFeatures" time="0.0" classname="com.qa.verizon.tests.FeaturesPageTest">
    <skipped/>
  </testcase> <!-- selectPhoneFeatures -->
  <testcase name="verifyCartPageTitle" time="0.0" classname="com.qa.verizon.tests.CartPageTest">
    <skipped/>
  </testcase> <!-- verifyCartPageTitle -->
  <testcase name="verifyCorrectPhone" time="0.0" classname="com.qa.verizon.tests.CartPageTest">
    <skipped/>
  </testcase> <!-- verifyCorrectPhone -->
</testsuite> <!-- Verizon Functional Sanity Test -->
